<?xml version="1.0" encoding="UTF-8"?>
<testng-results skipped="0" failed="0" total="1" passed="1">
  <reporter-output>
  </reporter-output>
  <suite name="Default suite" duration-ms="3862" started-at="2019-08-08T10:57:35Z" finished-at="2019-08-08T10:57:39Z">
    <groups>
    </groups>
    <test name="Default test" duration-ms="3862" started-at="2019-08-08T10:57:35Z" finished-at="2019-08-08T10:57:39Z">
      <class name="com.jpmc.ccb.releaseautomation.TC001_Get_Request">
        <test-method status="PASS" signature="getWeatherDetails()[pri:0, instance:com.jpmc.ccb.releaseautomation.TC001_Get_Request@573f2bb1]" name="getWeatherDetails" duration-ms="3826" started-at="2019-08-08T16:27:35Z" finished-at="2019-08-08T16:27:39Z">
          <reporter-output>
          </reporter-output>
        </test-method> <!-- getWeatherDetails -->
      </class> <!-- com.jpmc.ccb.releaseautomation.TC001_Get_Request -->
    </test> <!-- Default test -->
  </suite> <!-- Default suite -->
</testng-results>
